[cp_fcpas@DXLAAPS01 ~]$ date
Tue Mar 31 10:50:16 +07 2026
[cp_fcpas@DXLAAPS01 ~]$ ps ux | grep napServer
cp_fcpas 38697  0.0  0.0 1004496 18980 ?       Sl    2025   0:19 bin/napServer -f etc/nap.toml
cp_fcpas 38708  0.1  0.0 2472920 37672 ?       Sl    2025 1045:48 bin/napServer -f etc/nap.toml -work
cp_fcpas 55506  0.0  0.0 113180  1580 ?        Ss   10:50   0:00 bash -lc ps ux | grep napServer
cp_fcpas 55532  0.0  0.0 112708   964 ?        S    10:50   0:00 grep napServer
[cp_fcpas@DXLAAPS01 ~]$ vmstat 1 10
procs -----------memory---------- ---swap-- -----io---- -system-- ------cpu-----
 r  b   swpd   free   buff  cache   si   so    bi    bo   in   cs us sy id wa st
 0  0      0 75934112 464452 36630800    0    0     0     1    0    0  0  0 100  0  0
 1  0      0 75935216 464452 36630924    0    0     0    64 2534 4375  0  0 100  0  0
 1  0      0 75935216 464452 36630924    0    0     0    32 2253 4184  0  0 100  0  0
 1  0      0 75935296 464452 36630924    0    0     0    16 2315 4213  0  0 100  0  0
 0  0      0 75935192 464452 36630772    0    0     0     8 2054 3893  0  0 100  0  0
 0  0      0 75933776 464452 36630884    0    0     0   148 4435 5233  0  0 100  0  0
 1  0      0 75934600 464460 36630876    0    0     0    44 3429 5477  0  0 100  0  0
 0  0      0 75934976 464460 36630876    0    0     0    56 2420 4306  0  0 100  0  0
 1  0      0 75934976 464460 36630876    0    0     0    28 2196 4079  0  0 100  0  0
 1  0      0 75934976 464460 36630876    0    0     0    16 2040 3785  0  0 100  0  0