[cp_fcpas@DXLAAPS01 ~]$ date
Tue Mar 31 13:25:57 +07 2026
[cp_fcpas@DXLAAPS01 ~]$ ps ux | grep napServer
cp_fcpas 38697  0.0  0.0 1004496 18980 ?       Sl    2025   0:19 bin/napServer -f etc/nap.toml
cp_fcpas 38708  0.1  0.0 2472920 39388 ?       Sl    2025 1046:06 bin/napServer -f etc/nap.toml -work
cp_fcpas 48235  0.0  0.0 113180  1580 ?        Ss   13:25   0:00 bash -lc ps ux | grep napServer
cp_fcpas 48261  0.0  0.0 112708   964 ?        S    13:25   0:00 grep napServer
[cp_fcpas@DXLAAPS01 ~]$ vmstat 1 10
procs -----------memory---------- ---swap-- -----io---- -system-- ------cpu-----
 r  b   swpd   free   buff  cache   si   so    bi    bo   in   cs us sy id wa st
 2  0      0 75901360 464488 36657960    0    0     0     1    0    0  0  0 100  0  0
 0  0      0 75899808 464488 36657972    0    0     0    60 3782 4840  0  0 100  0  0
 0  0      0 75900272 464488 36657968    0    0     0     0 2131 4007  0  0 100  0  0
 2  0      0 75905192 464488 36657988    0    0     0    60 3190 4744  0  0 100  0  0
 0  0      0 75905192 464488 36657988    0    0     0   248 2281 4200  0  0 100  0  0
 0  0      0 75907208 464488 36658012    0    0     0     0 2316 4221  0  0 100  0  0
 1  0      0 75907512 464488 36658016    0    0     0    16 2397 4316  0  0 100  0  0
 0  0      0 75907512 464488 36658016    0    0     0     0 2373 4360  0  0 100  0  0
 0  0      0 75905888 464488 36658080    0    0     0   230 5120 5843  0  0 100  0  0
 1  0      0 75906720 464488 36658084    0    0     0   224 2214 4134  0  0 100  0  0