[cp_fchas@DXLAAPS02 ~]$ date
Tue Mar 31 10:51:00 +07 2026
[cp_fchas@DXLAAPS02 ~]$ cd flp_fch/etc/
[cp_fchas@DXLAAPS02 etc]$ . setenv
[cp_fchas@DXLAAPS02 etc]$ cmadmin
>psr
>bbs
^C

cmadmin - Copyright 2013-2017 UnionPay.
All Rights Reserved.
>psr

Svr Name             Svr Group  Svr Id  Status   bizStatus  CalledNum  Last Proc Time           
---------            ---------- ------- -------  ---------- ---------- ---------------          
mrqManSvr            MRQ        9001    1        1          652244     Tue Mar 31 10:51:00 2026 
stlSvr               STL        1010    1        1          9801       Wed Jul 16 02:00:24 2025 
fgnSvr               FGN        1020    1        1          1287       Wed Jul 16 02:00:56 2025 
fldSvr               FLD        1030    1        1          0          Thu Mar 13 08:02:02 2025 
bakSvr               BAK        1040    1        1          100        Wed Jul 16 17:00:03 2025 
preSvr               PRE        1050    1        1          759        Wed Jul 16 03:00:00 2025 
reqSvr               REQ        1070    1        1          551604     Tue Mar 31 10:50:35 2026 
strmSvr              RSP        1110    1        1          0          Thu Mar 13 08:02:03 2025 
rspSvr               RSP        1120    1        1          0          Thu Mar 13 08:02:03 2025 
rspSvr               RSP        1121    1        1          0          Thu Mar 13 08:02:05 2025 
rspSvr               RSP        1122    1        1          0          Thu Mar 13 08:02:05 2025 
rspSvr               RSP        1123    1        1          0          Thu Mar 13 08:02:05 2025 
rspSvr               RSP        1124    1        1          0          Thu Mar 13 08:02:06 2025 
>bbs

currSvrNum  currSvcNum  currQueNum  
----------- ----------- ----------- 
13          26          13          
>^C
[cp_fchas@DXLAAPS02 etc]$ ps -ef | grep '[s]yncthing'
cp_sync   5487     1  0  2025 ?        00:57:04 ./syncthing
cp_sync   7497  5487  1  2025 ?        4-17:28:36 /home/cp_sync/syncthing/syncthing