[cp_fmsas@PXLAAPS01 ~]$ date
Tue Mar 31 10:47:28 +07 2026
[cp_fmsas@PXLAAPS01 ~]$ cd flp_fms/scripts/
[cp_fmsas@PXLAAPS01 scripts]$ sh checkump.sh

Task 1: Checking core process...
    Process1: mq_amq                                                      [stop]
    Process2: ui_node                                                     [stop]
    Process3: srv_server                                                  [stop]
    Process4: srv_datatrans                                               [stop]
    Process5: ep_ep                                                       [stop]
    Process6: agent_echotest                                              [stop]
    Process7: agent_application                                           [stop]
    Process8: agent_system                                                [stop]
    Process9: agent_confresp                                              [stop]
    Process10: agent_hoststatus                                           [stop]
    Process11: agent_snmp                                                 [stop]
    Process12: gateway_email                                              [stop]
    Process13: daemon_daemon                                              [stop]

Task 2: Checking underly link ...
    Underly link(36662) count(0) is under control.                           [V]
    Underly link(36000) count(0) is under control.                           [V]

---------------------------------- STATISTIC -----------------------------------

--------------------------------------------------------------------------------
[cp_fmsas@PXLAAPS01 scripts]$ vmstat 1 10
procs -----------memory---------- ---swap-- -----io---- -system-- ------cpu-----
 r  b   swpd   free   buff  cache   si   so    bi    bo   in   cs us sy id wa st
 0  0      0 76471088 413388 45045948    0    0     0     0    0    0  0  0 100  0  0
 0  0      0 76475136 413388 45045936    0    0     0     0 4370 6226  0  0 100  0  0
 0  0      0 76476048 413388 45045844    0    0     0     0 3049 4990  0  0 100  0  0
 0  0      0 76476800 413388 45045844    0    0     0   156 3453 5223  0  0 100  0  0
 0  0      0 76476800 413388 45045844    0    0     0     0 3469 5427  0  0 100  0  0
 0  0      0 76477696 413396 45045848    0    0     0    52 3809 5660  0  0 100  0  0
 0  0      0 76477712 413396 45045848    0    0     0     0 3747 5852  0  0 100  0  0
 0  0      0 76476584 413396 45045848    0    0     0    65 3955 5628  0  0 100  0  0
 0  0      0 76453392 413396 45045848    0    0     0   112 6804 7172  0  0 99  0  0
 1  0      0 76464024 413396 45045916    0    0     0     0 3796 5828  0  0 100  0  0