[cp_fmsas@PXLAAPS01 ~]$ date
Tue Mar 31 13:23:02 +07 2026
[cp_fmsas@PXLAAPS01 ~]$ cd flp_fms/scripts/
[cp_fmsas@PXLAAPS01 scripts]$ sh checkump.sh

Task 1: Checking core process...
    Process1: mq_amq                                                      [stop]
    Process2: ui_node                                                     [stop]
    Process3: srv_server                                                  [stop]
    Process4: srv_datatrans                                               [stop]
    Process5: ep_ep                                                       [stop]
    Process6: agent_echotest                                              [stop]
    Process7: agent_application                                           [stop]
    Process8: agent_system                                                [stop]
    Process9: agent_confresp                                              [stop]
    Process10: agent_hoststatus                                           [stop]
    Process11: agent_snmp                                                 [stop]
    Process12: gateway_email                                              [stop]
    Process13: daemon_daemon                                              [stop]

Task 2: Checking underly link ...
    Underly link(36662) count(0) is under control.                           [V]
    Underly link(36000) count(0) is under control.                           [V]

---------------------------------- STATISTIC -----------------------------------

--------------------------------------------------------------------------------
[cp_fmsas@PXLAAPS01 scripts]$ vmstat 1 10
procs -----------memory---------- ---swap-- -----io---- -system-- ------cpu-----
 r  b   swpd   free   buff  cache   si   so    bi    bo   in   cs us sy id wa st
 0  0      0 76446864 413420 45074224    0    0     0     0    0    0  0  0 100  0  0
 0  0      0 76449696 413420 45074312    0    0     0    36 3611 5506  0  0 100  0  0
 0  0      0 76450896 413420 45074416    0    0     0     0 3132 5210  0  0 100  0  0
 0  0      0 76452088 413420 45074436    0    0     0    16 3435 5226  0  0 100  0  0
 0  0      0 76452080 413420 45074436    0    0     0    44 3385 5323  0  0 100  0  0
 0  0      0 76452176 413428 45074432    0    0     0    64 3504 5440  0  0 100  0  0
 0  0      0 76452544 413428 45074444    0    0     0    80 3546 5486  0  0 100  0  0
 0  0      0 76452920 413428 45074444    0    0     0     0 3134 5154  0  0 100  0  0
 0  0      0 76452624 413428 45074448    0    0     0     0 3605 5392  0  0 100  0  0
 0  0      0 76450880 413428 45074448    0    0     0    12 3947 5615  0  0 100  0  0