[cp_fmsas@PXLAAPS03 ~]$ date
Tue Mar 31 13:24:01 +07 2026
[cp_fmsas@PXLAAPS03 ~]$ cd flp_fms/scripts/
[cp_fmsas@PXLAAPS03 scripts]$ sh checkump.sh

Task 1: Checking core process...
    Process1: mq_amq                                                   [running]
    Process2: ui_node                                                  [running]
    Process3: srv_server                                               [running]
    Process4: srv_datatrans                                            [running]
    Process5: ep_ep                                                    [running]
    Process6: agent_echotest                                           [running]
    Process7: agent_application                                        [running]
    Process8: agent_system                                             [running]
    Process9: agent_confresp                                           [running]
    Process10: agent_hoststatus                                        [running]
    Process11: agent_snmp                                              [running]
    Process12: gateway_email                                           [running]
    Process13: daemon_daemon                                           [running]

Task 2: Checking underly link ...
    Underly link(36662) count(16) is under control.                          [V]
    Underly link(36000) count(0) is under control.                           [V]

---------------------------------- STATISTIC -----------------------------------

--------------------------------------------------------------------------------
[cp_fmsas@PXLAAPS03 scripts]$ vmstat 1 10
procs -----------memory---------- ---swap-- -----io---- -system-- ------cpu-----
 r  b   swpd   free   buff  cache   si   so    bi    bo   in   cs us sy id wa st
 0  0      0 74477488 817336 41650888    0    0     0     2    0    0  0  0 100  0  0
 8  0      0 74475120 817336 41650964    0    0     0    96 3019 4268  0  0 100  0  0
 0  0      0 74468704 817336 41650972    0    0     0    44 6034 5642  0  0 100  0  0
 0  0      0 74473184 817336 41651044    0    0     0   292 2981 4260  0  0 100  0  0
 0  0      0 74474328 817336 41651056    0    0     0    44 3478 4320  0  0 100  0  0
 0  0      0 74479424 817336 41651064    0    0     0     0 2953 3963  0  0 100  0  0
 0  0      0 74479680 817336 41651072    0    0     0   329 3361 4527  0  0 100  0  0
 0  0      0 74478928 817336 41651100    0    0     0    28 3204 4266  0  0 100  0  0
 0  0      0 74479072 817336 41651100    0    0     0   308 3785 4837  0  0 100  0  0
 0  0      0 74481672 817336 41651124    0    0     0    16 2647 3926  0  0 100  0  0