[cp_fmsas@PXLAAPS03 ~]$ date
Tue Mar 31 10:48:26 +07 2026
[cp_fmsas@PXLAAPS03 ~]$ cd flp_fms/scripts/
[cp_fmsas@PXLAAPS03 scripts]$ sh checkump.sh

Task 1: Checking core process...
    Process1: mq_amq                                                   [running]
    Process2: ui_node                                                  [running]
    Process3: srv_server                                               [running]
    Process4: srv_datatrans                                            [running]
    Process5: ep_ep                                                    [running]
    Process6: agent_echotest                                           [running]
    Process7: agent_application                                        [running]
    Process8: agent_system                                             [running]
    Process9: agent_confresp                                           [running]
    Process10: agent_hoststatus                                        [running]
    Process11: agent_snmp                                              [running]
    Process12: gateway_email                                           [running]
    Process13: daemon_daemon                                           [running]

Task 2: Checking underly link ...
    Underly link(36662) count(16) is under control.                          [V]
    Underly link(36000) count(0) is under control.                           [V]

---------------------------------- STATISTIC -----------------------------------

--------------------------------------------------------------------------------
[cp_fmsas@PXLAAPS03 scripts]$ vmstat 1 10
procs -----------memory---------- ---swap-- -----io---- -system-- ------cpu-----
 r  b   swpd   free   buff  cache   si   so    bi    bo   in   cs us sy id wa st
 0  0      0 74539696 817324 41595000    0    0     0     2    0    0  0  0 100  0  0
 0  0      0 74543424 817324 41595020    0    0     0    44 2317 3575  0  0 100  0  0
 0  0      0 74543584 817324 41595020    0    0     0    88 2884 4073  0  0 100  0  0
 0  0      0 74543984 817324 41595032    0    0     0    60 2846 4163  0  0 100  0  0
 0  0      0 74542496 817324 41595052    0    0     0   160 3059 4018  0  0 100  0  0
 0  0      0 74543488 817324 41595064    0    0     0    16 3481 4366  0  0 100  0  0
 0  0      0 74543488 817324 41595064    0    0     0    44 2946 4161  0  0 100  0  0
 0  0      0 74545000 817324 41595076    0    0     0    68 3120 4270  0  0 100  0  0
 0  0      0 74545184 817324 41595080    0    0     0    36 2879 4129  0  0 100  0  0
 0  0      0 74543568 817324 41595104    0    0     0   192 3209 4258  0  0 100  0  0