[cp_mopas@PXLAAPS04 ~]$ date
Tue Mar 31 13:24:42 +07 2026
[cp_mopas@PXLAAPS04 ~]$ ps -ef | grep $USER | grep mop_server | grep -v grep | wc -l
1
[cp_mopas@PXLAAPS04 ~]$ ps -ef | grep $USER | grep mop_email | grep -v grep | wc -l
1
[cp_mopas@PXLAAPS04 ~]$ ps -ef | grep $USER | grep mop_transfer | grep -v grep | wc -l
0
[cp_mopas@PXLAAPS04 ~]$ vmstat 1 10
procs -----------memory---------- ---swap-- -----io---- -system-- ------cpu-----
 r  b   swpd   free   buff  cache   si   so    bi    bo   in   cs us sy id wa st
 1  0      0 65358908 952288 34054752    0    0     0     0    0    0  0  0 100  0  0
 1  0      0 65362864 952288 34054832    0    0     0     0 4488 4155  3  0 97  0  0
 1  0      0 65362220 952288 34054832    0    0     0    12 4085 3668  3  0 97  0  0
 0  0      0 65363024 952288 34054832    0    0     0    12 6255 6778  3  0 97  0  0
 0  0      0 65363560 952288 34054832    0    0     0     0  827 1038  0  0 100  0  0
 0  0      0 65363560 952288 34054832    0    0     0     0  557  846  0  0 100  0  0
 0  0      0 65364580 952288 34054832    0    0     0     0 1267 1201  0  0 100  0  0
 0  0      0 65364836 952288 34054832    0    0     0     4  609  948  0  0 100  0  0
 0  0      0 65365332 952288 34054816    0    0     0    12 2462 3549  0  0 100  0  0
 0  0      0 65365516 952288 34054816    0    0     0    12  610  881  0  0 100  0  0