[cp_fcpas@PXLAAPS02 ~]$ date
Tue Mar 31 10:47:57 +07 2026
[cp_fcpas@PXLAAPS02 ~]$ ps ux | grep napServer
cp_fcpas 30246  0.0  0.0 113180  1584 ?        Ss   10:47   0:00 bash -lc ps ux | grep napServer
cp_fcpas 30272  0.0  0.0 112708   960 ?        S    10:47   0:00 grep napServer
cp_fcpas 47138  0.0  0.0 1012692 18936 ?       Sl    2025   0:05 bin/napServer -f etc/nap.toml
cp_fcpas 47147  0.1  0.0 2306248 41600 ?       Sl    2025 384:41 bin/napServer -f etc/nap.toml -work
[cp_fcpas@PXLAAPS02 ~]$ vmstat 1 10
procs -----------memory---------- ---swap-- -----io---- -system-- ------cpu-----
 r  b   swpd   free   buff  cache   si   so    bi    bo   in   cs us sy id wa st
 0  0      0 99369824 402764 24960584    0    0     0     0    0    0  0  0 100  0  0
 0  0      0 99371280 402764 24960584    0    0     0    16 1851 2244  0  0 100  0  0
 0  0      0 99381152 402764 24960736    0    0     0     0  998  987  0  0 100  0  0
 0  0      0 99384776 402764 24960736    0    0     0     0  817  984  0  0 100  0  0
 0  0      0 99385064 402764 24960736    0    0     0   128  726  680  0  0 100  0  0
 0  0      0 99387584 402764 24960740    0    0     0     0  268  328  0  0 100  0  0
 0  0      0 99386992 402764 24960740    0    0     0     4  891  900  0  0 100  0  0
 0  0      0 99386520 402764 24960680    0    0     0    56  913  928  0  0 100  0  0
 0  0      0 99386488 402764 24960680    0    0     0     0  316  470  0  0 100  0  0
 0  0      0 99384272 402764 24960684    0    0     0    88  655  630  0  0 100  0  0