[cp_fcpas@PXLAAPS01 ~]$ date
Tue Mar 31 13:22:41 +07 2026
[cp_fcpas@PXLAAPS01 ~]$ ps ux | grep napServer
cp_fcpas  4846  0.0  0.0 938704 14840 ?        Sl    2025   0:07 bin/napServer -f etc/nap.toml
cp_fcpas  4854  0.0  0.0 1929392 39960 ?       Sl    2025 344:23 bin/napServer -f etc/nap.toml -work
cp_fcpas 16195  0.0  0.0 113180  1584 ?        Ss   13:22   0:00 bash -lc ps ux | grep napServer
cp_fcpas 16221  0.0  0.0 112708   964 ?        S    13:22   0:00 grep napServer
[cp_fcpas@PXLAAPS01 ~]$ vmstat 1 10
procs -----------memory---------- ---swap-- -----io---- -system-- ------cpu-----
 r  b   swpd   free   buff  cache   si   so    bi    bo   in   cs us sy id wa st
 0  0      0 76447392 413416 45074060    0    0     0     0    0    0  0  0 100  0  0
 0  0      0 76449112 413416 45074060    0    0     0     0 3948 5584  0  0 100  0  0
 0  0      0 76452320 413416 45074044    0    0     0    68 3236 5271  0  0 100  0  0
 0  0      0 76452512 413416 45074044    0    0     0     0 3381 5270  0  0 100  0  0
 0  0      0 76452352 413416 45074044    0    0     0     0 3943 5516  0  0 100  0  0
 0  0      0 76452352 413416 45074044    0    0     0    20 3135 5052  0  0 100  0  0
 0  0      0 76453120 413416 45073984    0    0     0    12 3764 5669  0  0 100  0  0
 0  0      0 76453224 413416 45073984    0    0     0     0 3317 5261  0  0 100  0  0
 0  0      0 76453176 413416 45073984    0    0     0    44 3607 5513  0  0 100  0  0
 0  0      0 76451520 413416 45073984    0    0     0     0 4233 5818  0  0 100  0  0