[cp_fcpas@PXLAAPS01 ~]$ date
Tue Mar 31 10:47:09 +07 2026
[cp_fcpas@PXLAAPS01 ~]$ ps ux | grep napServer
cp_fcpas  4846  0.0  0.0 938704 14840 ?        Sl    2025   0:07 bin/napServer -f etc/nap.toml
cp_fcpas  4854  0.0  0.0 1929392 40364 ?       Sl    2025 344:16 bin/napServer -f etc/nap.toml -work
cp_fcpas 44447  0.0  0.0 113180  1580 ?        Ss   10:47   0:00 bash -lc ps ux | grep napServer
cp_fcpas 44474  0.0  0.0 112708   964 ?        S    10:47   0:00 grep napServer
[cp_fcpas@PXLAAPS01 ~]$ vmstat 1 10
procs -----------memory---------- ---swap-- -----io---- -system-- ------cpu-----
 r  b   swpd   free   buff  cache   si   so    bi    bo   in   cs us sy id wa st
 0  0      0 76468656 413388 45045908    0    0     0     0    0    0  0  0 100  0  0
 0  0      0 76472720 413388 45046040    0    0     0     0 3778 5772  0  0 100  0  0
 0  0      0 76470688 413388 45046040    0    0     0    28 3635 5261  0  0 100  0  0
 0  0      0 76471760 413388 45046048    0    0     0     0 3376 5489  0  0 100  0  0
 0  0      0 76472192 413388 45046064    0    0     0     0 2913 4905  0  0 100  0  0
 0  0      0 76473320 413388 45046068    0    0     0    20 4642 6763  0  0 100  0  0
 0  0      0 76473232 413388 45046068    0    0     0     0 3912 5829  0  0 100  0  0
 0  0      0 76464472 413388 45046208    0    0     0    88 7602 7552  0  1 99  0  0
 0  0      0 76465176 413388 45046212    0    0     0     0 3235 5210  0  0 100  0  0
 0  0      0 76465400 413388 45046124    0    0     0     0 3747 5241  0  0 100  0  0