[cp_fmsas@DXLAAPS01 ~]$ date
Tue Mar 31 10:50:36 +07 2026
[cp_fmsas@DXLAAPS01 ~]$ cd flp_fms/scripts/
[cp_fmsas@DXLAAPS01 scripts]$ sh checkump.sh

Task 1: Checking core process...
    Process1: mq_amq                                                   [running]
    Process2: ui_node                                                  [running]
    Process3: srv_server                                               [running]
    Process4: srv_datatrans                                            [running]
    Process5: ep_ep                                                    [running]
    Process6: agent_echotest                                           [running]
    Process7: agent_application                                        [running]
    Process8: agent_system                                             [running]
    Process9: agent_confresp                                           [running]
    Process10: agent_hoststatus                                        [running]
    Process11: agent_snmp                                              [running]
    Process12: gateway_email                                           [running]
    Process13: daemon_daemon                                           [running]

Task 2: Checking underly link ...
    Underly link(36662) count(16) is under control.                          [V]
    Underly link(36000) count(0) is under control.                           [V]

---------------------------------- STATISTIC -----------------------------------

--------------------------------------------------------------------------------
[cp_fmsas@DXLAAPS01 scripts]$ vmstat 1 10
procs -----------memory---------- ---swap-- -----io---- -system-- ------cpu-----
 r  b   swpd   free   buff  cache   si   so    bi    bo   in   cs us sy id wa st
 0  0      0 75932856 464468 36630856    0    0     0     1    0    0  0  0 100  0  0
 0  0      0 75934368 464468 36630880    0    0     0    84 2366 4199  0  0 100  0  0
 0  0      0 75934568 464468 36630880    0    0     0   716 2232 3990  0  0 100  0  0
 0  0      0 75937248 464468 36630852    0    0     0   144 4324 5139  0  0 100  0  0
 0  0      0 75937672 464468 36630852    0    0     0    48 2393 4367  0  0 100  0  0
 1  0      0 75938000 464468 36630856    0    0     0    56 2221 4151  0  0 100  0  0
 0  0      0 75939328 464468 36630860    0    0     0    16 2358 4192  0  0 100  0  0
 0  0      0 75939408 464468 36630860    0    0     0    16 2050 3905  0  0 100  0  0
 1  0      0 75938136 464468 36630868    0    0     0   200 2881 4721  0  0 100  0  0
 0  0      0 75938136 464468 36630872    0    0     0    56 2429 4357  0  0 100  0  0