[cp_fmsas@DXLAAPS01 ~]$ date
Tue Mar 31 13:26:17 +07 2026
[cp_fmsas@DXLAAPS01 ~]$ cd flp_fms/scripts/
[cp_fmsas@DXLAAPS01 scripts]$ sh checkump.sh

Task 1: Checking core process...
    Process1: mq_amq                                                   [running]
    Process2: ui_node                                                  [running]
    Process3: srv_server                                               [running]
    Process4: srv_datatrans                                            [running]
    Process5: ep_ep                                                    [running]
    Process6: agent_echotest                                           [running]
    Process7: agent_application                                        [running]
    Process8: agent_system                                             [running]
    Process9: agent_confresp                                           [running]
    Process10: agent_hoststatus                                        [running]
    Process11: agent_snmp                                              [running]
    Process12: gateway_email                                           [running]
    Process13: daemon_daemon                                           [running]

Task 2: Checking underly link ...
    Underly link(36662) count(16) is under control.                          [V]
    Underly link(36000) count(0) is under control.                           [V]

---------------------------------- STATISTIC -----------------------------------

--------------------------------------------------------------------------------
[cp_fmsas@DXLAAPS01 scripts]$ vmstat 1 10
procs -----------memory---------- ---swap-- -----io---- -system-- ------cpu-----
 r  b   swpd   free   buff  cache   si   so    bi    bo   in   cs us sy id wa st
 0  0      0 75902968 464488 36657724    0    0     0     1    0    0  0  0 100  0  0
 0  0      0 75902224 464488 36657724    0    0     0   104 2795 4378  0  0 100  0  0
 0  0      0 75904880 464488 36657724    0    0     0   184 2166 4054  0  0 100  0  0
 0  0      0 75905872 464488 36657724    0    0     0     0 2284 4183  0  0 100  0  0
 0  0      0 75906232 464488 36657760    0    0     0    28 2348 4380  0  0 100  0  0
 2  0      0 75906304 464488 36657760    0    0     0     0 2075 3933  0  0 100  0  0
 0  0      0 75905648 464488 36657760    0    0     0    88 2729 4321  0  0 100  0  0
 0  0      0 75905584 464488 36657760    0    0     0   156 4065 5031  0  0 100  0  0
 1  0      0 75908608 464488 36657752    0    0     0    20 2753 4859  0  0 100  0  0
 0  0      0 75908576 464488 36657756    0    0     0    16 2163 4024  0  0 100  0  0