[probe_user@PXLADBS01 ~]$ date
Tue Mar 31 13:27:34 +07 2026
[probe_user@PXLADBS01 ~]$ ps -ef | grep ./probe | grep -v grep
probe_u+  6992 33858  0  2025 ?        11:02:33 ./probe
[probe_user@PXLADBS01 ~]$ df
Filesystem              1K-blocks      Used  Available Use% Mounted on
devtmpfs                 65634872         0   65634872   0% /dev
tmpfs                    65651752         0   65651752   0% /dev/shm
tmpfs                    65651752    619240   65032512   1% /run
tmpfs                    65651752         0   65651752   0% /sys/fs/cgroup
/dev/mapper/uel-root     52395008  20629784   31765224  40% /
/dev/sdb2                 1041984    222468     819516  22% /boot
/dev/sdb1                  204580     11516     193064   6% /boot/efi
/dev/mapper/mdb-mdb    7456803752 668219700 6412758032  10% /mdb/data
/dev/mapper/cdb-cdb     918454260  30050736  841725508   4% /cdb/data
/dev/mapper/home-hmyad   20511312    285840   19160512   2% /home/cp_hmyad
/dev/mapper/home-probe   20511312    171828   19274524   1% /home/probe_user
/dev/mapper/home-cpxad   20511312   1336876   18109476   7% /home/cp_cpxad
/dev/mapper/home-mdbad   20511312    436368   19009984   3% /home/cp_mdbad
/dev/mapper/home-casad   20511312    151964   19294388   1% /home/cp_casad
/dev/mapper/home-hpxad   20511312    156972   19289380   1% /home/cp_hpxad
/dev/mapper/home-hdbad  825564056 131222488  652382144  17% /home/cp_hdbad
/dev/mapper/home-cdbad   20511312   2556540   16889812  14% /home/cp_cdbad
/dev/mapper/home-hasad   20511312    141840   19304512   1% /home/cp_hasad
/dev/mapper/home-cmyad   20511312    646308   18800044   4% /home/cp_cmyad
/dev/mapper/home-mgmas   20511312     45128   19401224   1% /home/cp_mgmas
tmpfs                    13130352        12   13130340   1% /run/user/42
tmpfs                    13130352         0   13130352   0% /run/user/1004
tmpfs                    13130352         0   13130352   0% /run/user/1012
tmpfs                    13130352         0   13130352   0% /run/user/1002
tmpfs                    13130352         0   13130352   0% /run/user/1001
tmpfs                    13130352         0   13130352   0% /run/user/1003