[probe_user@PXLAAPS02 ~]$ date
Tue Mar 31 13:23:41 +07 2026
[probe_user@PXLAAPS02 ~]$ ps -ef | grep ./probe | grep -v grep
probe_u+ 48424     1  0  2025 ?        08:33:33 ./probe
[probe_user@PXLAAPS02 ~]$ df
Filesystem             1K-blocks     Used Available Use% Mounted on
devtmpfs                65634900        0  65634900   0% /dev
tmpfs                   65651752        0  65651752   0% /dev/shm
tmpfs                   65651752   619008  65032744   1% /run
tmpfs                   65651752        0  65651752   0% /sys/fs/cgroup
/dev/mapper/uel-root    52395008 14937820  37457188  29% /
/dev/sda2                1041984   222404    819580  22% /boot
/dev/sda1                 204580    11516    193064   6% /boot/efi
/dev/mapper/home-mgmas  30832548    45040  29387024   1% /home/cp_mgmas
/dev/mapper/home-APL   722352120 19365276 666270300   3% /APL
/dev/mapper/home-ftpas 103080888  5559580  92870280   6% /home/cp_ftpas
/dev/mapper/home-probe  30832548   767596  28664468   3% /home/probe_user
/dev/mapper/home-fcpas 103080888   152608  98277252   1% /home/cp_fcpas
tmpfs                   13130352       12  13130340   1% /run/user/42
tmpfs                   13130352        0  13130352   0% /run/user/1002
tmpfs                   13130352        0  13130352   0% /run/user/1012
tmpfs                   13130352        0  13130352   0% /run/user/1001