[probe_user@PXLAAPS01 ~]$ date
Tue Mar 31 10:47:47 +07 2026
[probe_user@PXLAAPS01 ~]$ ps -ef | grep ./probe | grep -v grep
probe_u+ 16472     1  0  2025 ?        10:12:52 ./probe
[probe_user@PXLAAPS01 ~]$ df
Filesystem             1K-blocks     Used Available Use% Mounted on
devtmpfs                65634904        0  65634904   0% /dev
tmpfs                   65651752        0  65651752   0% /dev/shm
tmpfs                   65651752   619184  65032568   1% /run
tmpfs                   65651752        0  65651752   0% /sys/fs/cgroup
/dev/mapper/uel-root    52395008 17066544  35328464  33% /
/dev/sda2                1041984   222400    819584  22% /boot
/dev/sda1                 204580    11516    193064   6% /boot/efi
/dev/mapper/home-ftpas  82438552  2934644  75691720   4% /home/cp_ftpas
/dev/mapper/home-fmpas  82438552  4440536  74185828   6% /home/cp_fmpas
/dev/mapper/home-nginx  30832548   182056  29145140   1% /home/cp_nginx
/dev/mapper/home-fcpas  82438552   148676  78477688   1% /home/cp_fcpas
/dev/mapper/home-mgmas  30832548    45052  29387012   1% /home/cp_mgmas
/dev/mapper/home-APL   619140256 20004948 568689352   4% /APL
/dev/mapper/home-fmsas  82438552  1909020  76717344   3% /home/cp_fmsas
/dev/mapper/home-probe  30832548   731828  28700236   3% /home/probe_user
tmpfs                   13130352       12  13130340   1% /run/user/42
tmpfs                   13130352        0  13130352   0% /run/user/1002
tmpfs                   13130352        0  13130352   0% /run/user/1014
tmpfs                   13130352        0  13130352   0% /run/user/1013
tmpfs                   13130352        0  13130352   0% /run/user/1005
tmpfs                   13130352        0  13130352   0% /run/user/1001