[cp_mopas@DXLAAPS02 ~]$ date
Tue Mar 31 10:51:12 +07 2026
[cp_mopas@DXLAAPS02 ~]$ ps -ef | grep $USER | grep mop_server | grep -v grep | wc -l
1
[cp_mopas@DXLAAPS02 ~]$ ps -ef | grep $USER | grep mop_email | grep -v grep | wc -l
1
[cp_mopas@DXLAAPS02 ~]$ ps -ef | grep $USER | grep mop_transfer | grep -v grep | wc -l
0
[cp_mopas@DXLAAPS02 ~]$ vmstat 1 10
procs -----------memory---------- ---swap-- -----io---- -system-- ------cpu-----
 r  b   swpd   free   buff  cache   si   so    bi    bo   in   cs us sy id wa st
 0  0      0 97560696 699840 25758292    0    0     0     0    0    0  0  0 100  0  0
 0  0      0 97562752 699840 25758576    0    0     0     0 2947 3206  0  0 100  0  0
 0  0      0 97566912 699840 25758284    0    0     0     0 3763 3655  0  0 100  0  0
 0  0      0 97566424 699840 25758492    0    0     0    12 2846 3243  0  0 100  0  0
 1  0      0 97567912 699840 25758492    0    0     0     0 4598 4811  1  0 99  0  0
 0  0      0 97569592 699848 25758396    0    0     0    24 3705 3932  0  0 100  0  0
 0  0      0 97569648 699848 25758396    0    0     0     0 3299 3795  0  0 100  0  0
 0  0      0 97570856 699848 25758140    0    0     0    12 2847 3144  0  0 100  0  0
 1  0      0 97569712 699848 25758348    0    0     0     0 3024 3492  0  0 100  0  0
 0  0      0 97570368 699848 25758348    0    0     0     0 2778 3224  0  0 100  0  0