[cp_fchas@PXLAAPS04 ~]$ date
Tue Mar 31 13:24:22 +07 2026
[cp_fchas@PXLAAPS04 ~]$ cd flp_fch/etc/
[cp_fchas@PXLAAPS04 etc]$ . setenv
[cp_fchas@PXLAAPS04 etc]$ cmadmin
>psr
>bbs
^C

cmadmin - Copyright 2013-2017 UnionPay.
All Rights Reserved.
>psr

Svr Name             Svr Group  Svr Id  Status   bizStatus  CalledNum  Last Proc Time           
---------            ---------- ------- -------  ---------- ---------- ---------------          
mrqManSvr            MRQ        9001    1        1          1061195    Tue Mar 31 13:24:22 2026 
stlSvr               STL        1010    1        1          105732     Tue Mar 31 02:00:16 2026 
fgnSvr               FGN        1020    1        1          14282      Tue Mar 31 02:00:38 2026 
fldSvr               FLD        1030    1        1          0          Wed Mar  5 09:39:25 2025 
bakSvr               BAK        1040    1        1          1067       Tue Mar 31 03:30:15 2026 
preSvr               PRE        1050    1        1          8387       Tue Mar 31 03:00:03 2026 
reqSvr               REQ        1070    1        1          563226     Tue Mar 31 13:23:45 2026 
strmSvr              RSP        1110    1        1          0          Wed Mar  5 09:39:26 2025 
rspSvr               RSP        1120    1        1          0          Wed Mar  5 09:39:26 2025 
rspSvr               RSP        1121    1        1          0          Wed Mar  5 09:39:29 2025 
rspSvr               RSP        1122    1        1          0          Wed Mar  5 09:39:29 2025 
rspSvr               RSP        1123    1        1          0          Wed Mar  5 09:39:29 2025 
rspSvr               RSP        1124    1        1          0          Wed Mar  5 09:39:29 2025 
>bbs

currSvrNum  currSvcNum  currQueNum  
----------- ----------- ----------- 
13          26          13          
>^C
[cp_fchas@PXLAAPS04 etc]$ ps -ef | grep '[s]yncthing'
cp_sync  18940     1  0  2025 ?        00:12:58 ./syncthing
cp_sync  18952 18940 12  2025 ?        47-18:12:50 /home/cp_sync/syncthing/syncthing