[cp_fchas@PXLAAPS05 ~]$ date
Tue Mar 31 10:49:27 +07 2026
[cp_fchas@PXLAAPS05 ~]$ cd flp_fch/etc/
[cp_fchas@PXLAAPS05 etc]$ . setenv
[cp_fchas@PXLAAPS05 etc]$ cmadmin
>psr
>bbs
^C

cmadmin - Copyright 2013-2017 UnionPay.
All Rights Reserved.
>psr

Svr Name             Svr Group  Svr Id  Status   bizStatus  CalledNum  Last Proc Time           
---------            ---------- ------- -------  ---------- ---------- ---------------          
mrqManSvr            MRQ        9001    1        1          695125     Tue Mar 31 10:49:27 2026 
stlSvr               STL        1010    1        1          0          Tue Mar  4 00:24:51 2025 
fgnSvr               FGN        1020    1        1          0          Tue Mar  4 00:24:51 2025 
fldSvr               FLD        1030    1        1          0          Tue Mar  4 00:24:52 2025 
bakSvr               BAK        1040    1        1          0          Tue Mar  4 00:24:52 2025 
preSvr               PRE        1050    1        1          0          Tue Mar  4 00:24:52 2025 
reqSvr               REQ        1070    1        1          565080     Tue Mar 31 10:48:57 2026 
strmSvr              RSP        1110    1        1          0          Tue Mar  4 00:24:52 2025 
rspSvr               RSP        1120    1        1          0          Tue Mar  4 00:24:52 2025 
rspSvr               RSP        1121    1        1          0          Tue Mar  4 00:24:54 2025 
rspSvr               RSP        1122    1        1          0          Tue Mar  4 00:24:54 2025 
rspSvr               RSP        1123    1        1          0          Tue Mar  4 00:24:54 2025 
rspSvr               RSP        1124    1        1          0          Tue Mar  4 00:24:55 2025 
>bbs

currSvrNum  currSvcNum  currQueNum  
----------- ----------- ----------- 
13          26          13          
>^C
[cp_fchas@PXLAAPS05 etc]$ ps -ef | grep '[s]yncthing'
cp_sync   7857     1  0  2025 ?        00:12:58 ./syncthing
cp_sync  17878  7857 12  2025 ?        48-16:48:42 /home/cp_sync/syncthing/syncthing