[probe_user@DXLAAPS02 ~]$ date
Tue Mar 31 10:51:32 +07 2026
[probe_user@DXLAAPS02 ~]$ ps -ef | grep ./probe | grep -v grep
probe_u+ 44049     1  0  2025 ?        1-06:37:06 ./probe
[probe_user@DXLAAPS02 ~]$ df
Filesystem             1K-blocks     Used Available Use% Mounted on
devtmpfs                65692256        0  65692256   0% /dev
tmpfs                   65708952        0  65708952   0% /dev/shm
tmpfs                   65708952   439360  65269592   1% /run
tmpfs                   65708952        0  65708952   0% /sys/fs/cgroup
/dev/mapper/uel-root   104806400 14633204  90173196  14% /
/dev/sda2                1038336   221156    817180  22% /boot
/dev/sda1                 204580    11504    193076   6% /boot/efi
/dev/mapper/home-fchas  20511312  1694084  17752268   9% /home/cp_fchas
/dev/mapper/home-fbias  20511312   565260  18881092   3% /home/cp_fbias
/dev/mapper/home-sync   20511312   211008  19235344   2% /home/cp_sync
/dev/mapper/home-APF   206292968 15509904 180280920   8% /APF
/dev/mapper/home-APL    82438552   268040  77959824   1% /APL
/dev/mapper/home-nginx  20511312   123836  19322516   1% /home/cp_nginx
/dev/mapper/home-probe  20511312   619816  18826536   4% /home/probe_user
/dev/mapper/home-DATA  631122216   874388 598165500   1% /DATA
/dev/mapper/home-mopas  20511312   113212  19333140   1% /home/cp_mopas
tmpfs                   13141792        8  13141784   1% /run/user/42
tmpfs                   13141792        0  13141792   0% /run/user/1005
tmpfs                   13141792        0  13141792   0% /run/user/1004
tmpfs                   13141792        0  13141792   0% /run/user/1001
tmpfs                   13141792        0  13141792   0% /run/user/1006
tmpfs                   13141792        0  13141792   0% /run/user/1007
tmpfs                   13141792       52  13141740   1% /run/user/1000