[probe_user@DXLADBS01 ~]$ date
Tue Mar 31 10:52:05 +07 2026
[probe_user@DXLADBS01 ~]$ ps -ef | grep ./probe | grep -v grep
probe_u+ 46105     1  0  2025 ?        1-02:18:50 ./probe
[probe_user@DXLADBS01 ~]$ df
Filesystem             1K-blocks      Used Available Use% Mounted on
devtmpfs                65692256         0  65692256   0% /dev
tmpfs                   65708952         0  65708952   0% /dev/shm
tmpfs                   65708952    332564  65376388   1% /run
tmpfs                   65708952         0  65708952   0% /sys/fs/cgroup
/dev/mapper/uel-root   104806400  21488048  83318352  21% /
/dev/sda2                1038336    221248    817088  22% /boot
/dev/sda1                 204580     11504    193076   6% /boot/efi
/dev/mapper/home-cmyad  20511312    625152  18821200   4% /home/cp_cmyad
/dev/mapper/home-probe  20511312    622988  18823364   4% /home/probe_user
/dev/mapper/home-hmyad  20511312    581436  18864916   3% /home/cp_hmyad
/dev/mapper/home-mmyad  20511312    622224  18824128   4% /home/cp_mmyad
/dev/mapper/home-cdbad 206292968  31133360 164657464  16% /home/cp_cdbad
/dev/mapper/home-mdbad 206292968  32944184 162846640  17% /home/cp_mdbad
/dev/mapper/home-hdbad 515928320 139239728 350457808  29% /home/cp_hdbad
/dev/mapper/home-DATA  724721504     73752 687810788   1% /DATA
tmpfs                   13141792        12  13141780   1% /run/user/42
tmpfs                   13141792         0  13141792   0% /run/user/1003
tmpfs                   13141792         0  13141792   0% /run/user/0
tmpfs                   13141792         0  13141792   0% /run/user/1008
tmpfs                   13141792         0  13141792   0% /run/user/1004
tmpfs                   13141792         0  13141792   0% /run/user/1005
tmpfs                   13141792         0  13141792   0% /run/user/1006