[probe_user@DXLAAPS01 ~]$ date
Tue Mar 31 10:50:59 +07 2026
[probe_user@DXLAAPS01 ~]$ ps -ef | grep ./probe | grep -v grep
probe_u+ 66031     1  0  2025 ?        21:10:00 ./probe
[probe_user@DXLAAPS01 ~]$ df
Filesystem             1K-blocks     Used Available Use% Mounted on
devtmpfs                65692256        0  65692256   0% /dev
tmpfs                   65708952        0  65708952   0% /dev/shm
tmpfs                   65708952   439124  65269828   1% /run
tmpfs                   65708952        0  65708952   0% /sys/fs/cgroup
/dev/mapper/uel-root   104806400 16320292  88486108  16% /
/dev/sda2                1038336   221152    817184  22% /boot
/dev/sda1                 204580    11504    193076   6% /boot/efi
/dev/mapper/home-fcpas  30832548   863144  28380156   3% /home/cp_fcpas
/dev/mapper/home-fmsas  30832548  3339600  25903700  12% /home/cp_fmsas
/dev/mapper/home-probe  30832548  1125800  28117500   4% /home/probe_user
/dev/mapper/home-ftpas  30832548   359096  28884204   2% /home/cp_ftpas
/dev/mapper/home-nginx  30832548   174108  29069192   1% /home/cp_nginx
/dev/mapper/home-DATA  631122216   840804 598199084   1% /DATA
/dev/mapper/home-fmpas  30832548   819412  28423888   3% /home/cp_fmpas
/dev/mapper/home-APL   226935348  7532892 207851736   4% /APL
tmpfs                   13141792       12  13141780   1% /run/user/42
tmpfs                   13141792        0  13141792   0% /run/user/1006
tmpfs                   13141792        0  13141792   0% /run/user/1002
tmpfs                   13141792        0  13141792   0% /run/user/1004
tmpfs                   13141792        0  13141792   0% /run/user/1007
tmpfs                   13141792        0  13141792   0% /run/user/1001
tmpfs                   13141792        0  13141792   0% /run/user/1003