[probe_user@DXLAAPS03 ~]$ date
Tue Mar 31 10:51:53 +07 2026
[probe_user@DXLAAPS03 ~]$ ps -ef | grep ./probe | grep -v grep
probe_u+ 38856 38850  0  2025 ?        16:01:11 ./probe
[probe_user@DXLAAPS03 ~]$ df
Filesystem             1K-blocks     Used Available Use% Mounted on
devtmpfs                65692256        0  65692256   0% /dev
tmpfs                   65708952        0  65708952   0% /dev/shm
tmpfs                   65708952   438720  65270232   1% /run
tmpfs                   65708952        0  65708952   0% /sys/fs/cgroup
/dev/mapper/uel-root   104806400 14476136  90330264  14% /
/dev/sda2                1038336   221148    817188  22% /boot
/dev/sda1                 204580    11504    193076   6% /boot/efi
/dev/mapper/home-probe  30832548   154392  29088908   1% /home/probe_user
/dev/mapper/home-bisas 103080888    61512  97760112   1% /home/cp_bisas
/dev/mapper/home-DATA  631122216   840804 598199084   1% /DATA
/dev/mapper/home-fcpas  30832548   128568  29114732   1% /home/cp_fcpas
/dev/mapper/home-APL   247577788  1545672 233432820   1% /APL
tmpfs                   13141792       12  13141780   1% /run/user/42
tmpfs                   13141792        0  13141792   0% /run/user/1004